0 info it worked if it ends with ok
1 verbose cli [ '/Users/cameron.fry/.nvm/versions/node/v6.6.0/bin/node',
1 verbose cli   '/Users/cameron.fry/.nvm/versions/node/v6.6.0/bin/npm',
1 verbose cli   'run',
1 verbose cli   'build-patch' ]
2 info using npm@3.10.3
3 info using node@v6.6.0
4 verbose run-script [ 'prebuild-patch', 'build-patch', 'postbuild-patch' ]
5 info lifecycle VIFeedbackChecklist@0.3.0~prebuild-patch: VIFeedbackChecklist@0.3.0
6 silly lifecycle VIFeedbackChecklist@0.3.0~prebuild-patch: no script for prebuild-patch, continuing
7 info lifecycle VIFeedbackChecklist@0.3.0~build-patch: VIFeedbackChecklist@0.3.0
8 verbose lifecycle VIFeedbackChecklist@0.3.0~build-patch: unsafe-perm in lifecycle true
9 verbose lifecycle VIFeedbackChecklist@0.3.0~build-patch: PATH: /Users/cameron.fry/.nvm/versions/node/v6.6.0/lib/node_modules/npm/bin/node-gyp-bin:/Users/cameron.fry/Documents/work/projects/FeedbackChecklist/node_modules/.bin:/Users/cameron.fry/.nvm/versions/node/v6.6.0/bin:/Users/cameron.fry/.nvm/versions/node/v6.6.0/bin:/Users/dan/bin:/usr/local/bin:/usr/local/sbin:/usr/bin:/bin:/usr/sbin:/sbin:/opt/X11/bin
10 verbose lifecycle VIFeedbackChecklist@0.3.0~build-patch: CWD: /Users/cameron.fry/Documents/work/projects/FeedbackChecklist
11 silly lifecycle VIFeedbackChecklist@0.3.0~build-patch: Args: [ '-c', 'NODE_ENV=production webpack --env.patch' ]
12 silly lifecycle VIFeedbackChecklist@0.3.0~build-patch: Returned: code: 2  signal: null
13 info lifecycle VIFeedbackChecklist@0.3.0~build-patch: Failed to exec build-patch script
14 verbose stack Error: VIFeedbackChecklist@0.3.0 build-patch: `NODE_ENV=production webpack --env.patch`
14 verbose stack Exit status 2
14 verbose stack     at EventEmitter.<anonymous> (/Users/cameron.fry/.nvm/versions/node/v6.6.0/lib/node_modules/npm/lib/utils/lifecycle.js:242:16)
14 verbose stack     at emitTwo (events.js:106:13)
14 verbose stack     at EventEmitter.emit (events.js:191:7)
14 verbose stack     at ChildProcess.<anonymous> (/Users/cameron.fry/.nvm/versions/node/v6.6.0/lib/node_modules/npm/lib/utils/spawn.js:40:14)
14 verbose stack     at emitTwo (events.js:106:13)
14 verbose stack     at ChildProcess.emit (events.js:191:7)
14 verbose stack     at maybeClose (internal/child_process.js:877:16)
14 verbose stack     at Process.ChildProcess._handle.onexit (internal/child_process.js:226:5)
15 verbose pkgid VIFeedbackChecklist@0.3.0
16 verbose cwd /Users/cameron.fry/Documents/work/projects/FeedbackChecklist
17 error Darwin 15.6.0
18 error argv "/Users/cameron.fry/.nvm/versions/node/v6.6.0/bin/node" "/Users/cameron.fry/.nvm/versions/node/v6.6.0/bin/npm" "run" "build-patch"
19 error node v6.6.0
20 error npm  v3.10.3
21 error code ELIFECYCLE
22 error VIFeedbackChecklist@0.3.0 build-patch: `NODE_ENV=production webpack --env.patch`
22 error Exit status 2
23 error Failed at the VIFeedbackChecklist@0.3.0 build-patch script 'NODE_ENV=production webpack --env.patch'.
23 error Make sure you have the latest version of node.js and npm installed.
23 error If you do, this is most likely a problem with the VIFeedbackChecklist package,
23 error not with npm itself.
23 error Tell the author that this fails on your system:
23 error     NODE_ENV=production webpack --env.patch
23 error You can get information on how to open an issue for this project with:
23 error     npm bugs VIFeedbackChecklist
23 error Or if that isn't available, you can get their info via:
23 error     npm owner ls VIFeedbackChecklist
23 error There is likely additional logging output above.
24 verbose exit [ 1, true ]
